# JRE version: Java(TM) SE Runtime Environment (8.0_74-b02) (build 1.8.0_74-b02)
# Java VM: Java HotSpot(TM) 64-Bit Server VM (25.74-b02 mixed mode windows-amd64 compressed oops)
Heap:
 PSYoungGen      total 27648K, used 695K [0x00000000e1580000, 0x00000000e3400000, 0x0000000100000000)
  eden space 24064K, 2% used [0x00000000e1580000,0x00000000e162df00,0x00000000e2d00000)
  from space 3584K, 0% used [0x00000000e2d00000,0x00000000e2d00000,0x00000000e3080000)
  to   space 3584K, 0% used [0x00000000e3080000,0x00000000e3080000,0x00000000e3400000)
 ParOldGen       total 47104K, used 5838K [0x00000000a4000000, 0x00000000a6e00000, 0x00000000e1580000)
  object space 47104K, 12% used [0x00000000a4000000,0x00000000a45b3b10,0x00000000a6e00000)
 Metaspace       used 14769K, capacity 15012K, committed 15232K, reserved 1067008K
  class space    used 1830K, capacity 1908K, committed 1920K, reserved 1048576K
GC Heap History (10 events):
Event: 1.140 GC heap before
{Heap before GC invocations=2 (full 1):
 PSYoungGen      total 27648K, used 1576K [0x00000000e1580000, 0x00000000e3400000, 0x0000000100000000)
  eden space 24064K, 0% used [0x00000000e1580000,0x00000000e1580000,0x00000000e2d00000)
  from space 3584K, 43% used [0x00000000e2d00000,0x00000000e2e8a020,0x00000000e3080000)
  to   space 3584K, 0% used [0x00000000e3080000,0x00000000e3080000,0x00000000e3400000)
 ParOldGen       total 62976K, used 8K [0x00000000a4000000, 0x00000000a7d80000, 0x00000000e1580000)
  object space 62976K, 0% used [0x00000000a4000000,0x00000000a4002000,0x00000000a7d80000)
 Metaspace       used 8644K, capacity 8792K, committed 8832K, reserved 1062912K
  class space    used 1054K, capacity 1122K, committed 1152K, reserved 1048576K
Event: 1.194 GC heap after
Heap after GC invocations=2 (full 1):
 PSYoungGen      total 27648K, used 0K [0x00000000e1580000, 0x00000000e3400000, 0x0000000100000000)
  eden space 24064K, 0% used [0x00000000e1580000,0x00000000e1580000,0x00000000e2d00000)
  from space 3584K, 0% used [0x00000000e2d00000,0x00000000e2d00000,0x00000000e3080000)
  to   space 3584K, 0% used [0x00000000e3080000,0x00000000e3080000,0x00000000e3400000)
 ParOldGen       total 47104K, used 1530K [0x00000000a4000000, 0x00000000a6e00000, 0x00000000e1580000)
  object space 47104K, 3% used [0x00000000a4000000,0x00000000a417ea40,0x00000000a6e00000)
 Metaspace       used 8644K, capacity 8792K, committed 8832K, reserved 1060864K
  class space    used 1054K, capacity 1122K, committed 1152K, reserved 1048576K
}
Event: 6.922 GC heap before
{Heap before GC invocations=3 (full 1):
 PSYoungGen      total 27648K, used 13882K [0x00000000e1580000, 0x00000000e3400000, 0x0000000100000000)
  eden space 24064K, 57% used [0x00000000e1580000,0x00000000e230e980,0x00000000e2d00000)
  from space 3584K, 0% used [0x00000000e2d00000,0x00000000e2d00000,0x00000000e3080000)
  to   space 3584K, 0% used [0x00000000e3080000,0x00000000e3080000,0x00000000e3400000)
 ParOldGen       total 47104K, used 1530K [0x00000000a4000000, 0x00000000a6e00000, 0x00000000e1580000)
  object space 47104K, 3% used [0x00000000a4000000,0x00000000a417ea40,0x00000000a6e00000)
 Metaspace       used 14701K, capacity 14884K, committed 14976K, reserved 1069056K
  class space    used 1830K, capacity 1908K, committed 1920K, reserved 1048576K
Event: 6.938 GC heap after
Heap after GC invocations=3 (full 1):
 PSYoungGen      total 27648K, used 3564K [0x00000000e1580000, 0x00000000e3400000, 0x0000000100000000)
  eden space 24064K, 0% used [0x00000000e1580000,0x00000000e1580000,0x00000000e2d00000)
  from space 3584K, 99% used [0x00000000e3080000,0x00000000e33fb240,0x00000000e3400000)
  to   space 3584K, 0% used [0x00000000e2d00000,0x00000000e2d00000,0x00000000e3080000)
 ParOldGen       total 47104K, used 3156K [0x00000000a4000000, 0x00000000a6e00000, 0x00000000e1580000)
  object space 47104K, 6% used [0x00000000a4000000,0x00000000a43151a0,0x00000000a6e00000)
 Metaspace       used 14701K, capacity 14884K, committed 14976K, reserved 1069056K
  class space    used 1830K, capacity 1908K, committed 1920K, reserved 1048576K
}
Event: 6.938 GC heap before
{Heap before GC invocations=4 (full 2):
 PSYoungGen      total 27648K, used 3564K [0x00000000e1580000, 0x00000000e3400000, 0x0000000100000000)
  eden space 24064K, 0% used [0x00000000e1580000,0x00000000e1580000,0x00000000e2d00000)
  from space 3584K, 99% used [0x00000000e3080000,0x00000000e33fb240,0x00000000e3400000)
  to   space 3584K, 0% used [0x00000000e2d00000,0x00000000e2d00000,0x00000000e3080000)
 ParOldGen       total 47104K, used 3156K [0x00000000a4000000, 0x00000000a6e00000, 0x00000000e1580000)
  object space 47104K, 6% used [0x00000000a4000000,0x00000000a43151a0,0x00000000a6e00000)
 Metaspace       used 14701K, capacity 14884K, committed 14976K, reserved 1069056K
  class space    used 1830K, capacity 1908K, committed 1920K, reserved 1048576K
Event: 7.070 GC heap after
Heap after GC invocations=4 (full 2):
 PSYoungGen      total 27648K, used 0K [0x00000000e1580000, 0x00000000e3400000, 0x0000000100000000)
  eden space 24064K, 0% used [0x00000000e1580000,0x00000000e1580000,0x00000000e2d00000)
  from space 3584K, 0% used [0x00000000e3080000,0x00000000e3080000,0x00000000e3400000)
  to   space 3584K, 0% used [0x00000000e2d00000,0x00000000e2d00000,0x00000000e3080000)
 ParOldGen       total 47104K, used 6491K [0x00000000a4000000, 0x00000000a6e00000, 0x00000000e1580000)
  object space 47104K, 13% used [0x00000000a4000000,0x00000000a4656c48,0x00000000a6e00000)
 Metaspace       used 14701K, capacity 14884K, committed 14976K, reserved 1067008K
  class space    used 1830K, capacity 1908K, committed 1920K, reserved 1048576K
}
Event: 7.132 GC heap before
{Heap before GC invocations=5 (full 2):
 PSYoungGen      total 27648K, used 1337K [0x00000000e1580000, 0x00000000e3400000, 0x0000000100000000)
  eden space 24064K, 5% used [0x00000000e1580000,0x00000000e16ce4f0,0x00000000e2d00000)
  from space 3584K, 0% used [0x00000000e3080000,0x00000000e3080000,0x00000000e3400000)
  to   space 3584K, 0% used [0x00000000e2d00000,0x00000000e2d00000,0x00000000e3080000)
 ParOldGen       total 47104K, used 6491K [0x00000000a4000000, 0x00000000a6e00000, 0x00000000e1580000)
  object space 47104K, 13% used [0x00000000a4000000,0x00000000a4656c48,0x00000000a6e00000)
 Metaspace       used 14701K, capacity 14884K, committed 14976K, reserved 1071104K
  class space    used 1830K, capacity 1908K, committed 1920K, reserved 1048576K
Event: 7.139 GC heap after
Heap after GC invocations=5 (full 2):
 PSYoungGen      total 27648K, used 32K [0x00000000e1580000, 0x00000000e3400000, 0x0000000100000000)
  eden space 24064K, 0% used [0x00000000e1580000,0x00000000e1580000,0x00000000e2d00000)
  from space 3584K, 0% used [0x00000000e2d00000,0x00000000e2d08000,0x00000000e3080000)
  to   space 3584K, 0% used [0x00000000e3080000,0x00000000e3080000,0x00000000e3400000)
 ParOldGen       total 47104K, used 6491K [0x00000000a4000000, 0x00000000a6e00000, 0x00000000e1580000)
  object space 47104K, 13% used [0x00000000a4000000,0x00000000a4656c48,0x00000000a6e00000)
 Metaspace       used 14701K, capacity 14884K, committed 14976K, reserved 1071104K
  class space    used 1830K, capacity 1908K, committed 1920K, reserved 1048576K
}
Event: 7.139 GC heap before
{Heap before GC invocations=6 (full 3):
 PSYoungGen      total 27648K, used 32K [0x00000000e1580000, 0x00000000e3400000, 0x0000000100000000)
  eden space 24064K, 0% used [0x00000000e1580000,0x00000000e1580000,0x00000000e2d00000)
  from space 3584K, 0% used [0x00000000e2d00000,0x00000000e2d08000,0x00000000e3080000)
  to   space 3584K, 0% used [0x00000000e3080000,0x00000000e3080000,0x00000000e3400000)
 ParOldGen       total 47104K, used 6491K [0x00000000a4000000, 0x00000000a6e00000, 0x00000000e1580000)
  object space 47104K, 13% used [0x00000000a4000000,0x00000000a4656c48,0x00000000a6e00000)
 Metaspace       used 14701K, capacity 14884K, committed 14976K, reserved 1071104K
  class space    used 1830K, capacity 1908K, committed 1920K, reserved 1048576K
Event: 7.222 GC heap after
Heap after GC invocations=6 (full 3):
 PSYoungGen      total 27648K, used 0K [0x00000000e1580000, 0x00000000e3400000, 0x0000000100000000)
  eden space 24064K, 0% used [0x00000000e1580000,0x00000000e1580000,0x00000000e2d00000)
  from space 3584K, 0% used [0x00000000e2d00000,0x00000000e2d00000,0x00000000e3080000)
  to   space 3584K, 0% used [0x00000000e3080000,0x00000000e3080000,0x00000000e3400000)
 ParOldGen       total 47104K, used 5838K [0x00000000a4000000, 0x00000000a6e00000, 0x00000000e1580000)
  object space 47104K, 12% used [0x00000000a4000000,0x00000000a45b3b10,0x00000000a6e00000)
 Metaspace       used 14701K, capacity 14884K, committed 14976K, reserved 1067008K
  class space    used 1830K, capacity 1908K, committed 1920K, reserved 1048576K
}

